<?xml version="1.0" encoding="UTF-8"?>
<!-- Generated by org.testng.reporters.JUnitReportReporter -->
<testsuite hostname="AnushaPalem" failures="0" tests="1" name="AQAClass.B10_AutoIT" time="0.087" errors="0" timestamp="2024-05-23T12:58:49 IST" skipped="0">
  <testcase classname="AQAClass.B10_AutoIT" name="operation" time="0.087"/>
  <system-out/>
</testsuite> <!-- AQAClass.B10_AutoIT -->
