<?xml version="1.0" encoding="UTF-8"?>
<!-- Generated by org.testng.reporters.JUnitReportReporter -->
<testsuite hostname="AnushaPalem" failures="0" tests="1" name="BHilevelbases.B14_FlipkartGeneric" time="0.009" errors="0" timestamp="2024-05-26T13:17:08 IST" skipped="0">
  <testcase classname="BHilevelbases.B14_FlipkartGeneric" name="clickable" time="0.009"/>
  <system-out/>
</testsuite> <!-- BHilevelbases.B14_FlipkartGeneric -->
