<?xml version="1.0" encoding="UTF-8"?>
<!-- Generated by org.testng.reporters.JUnitReportReporter -->
<testsuite hostname="AnushaPalem" failures="0" tests="1" name="BHilevelbases.B15_Frames" time="0.990" errors="0" timestamp="2024-05-25T18:59:16 IST" skipped="0">
  <testcase classname="BHilevelbases.B15_Frames" name="f" time="0.990"/>
  <system-out/>
</testsuite> <!-- BHilevelbases.B15_Frames -->
