<?xml version="1.0" encoding="UTF-8"?>
<!-- Generated by org.testng.reporters.JUnitReportReporter -->
<testsuite hostname="AnushaPalem" failures="0" tests="1" name="AQAClass.A7_INR_optionsvalidation" time="1.115" errors="0" timestamp="2024-05-27T15:16:31 IST" skipped="0">
  <testcase classname="AQAClass.A7_INR_optionsvalidation" name="options" time="1.115"/>
  <system-out/>
</testsuite> <!-- AQAClass.A7_INR_optionsvalidation -->
