<?xml version="1.0" encoding="UTF-8"?>
<!-- Generated by org.testng.reporters.JUnitReportReporter -->
<testsuite hostname="AnushaPalem" failures="0" tests="1" name="AQAClass.A2_MouseOverActions" time="12.405" errors="0" timestamp="2024-05-26T13:13:51 IST" skipped="0">
  <testcase classname="AQAClass.A2_MouseOverActions" name="Mouseover" time="12.405"/>
  <system-out/>
</testsuite> <!-- AQAClass.A2_MouseOverActions -->
