<?xml version="1.0" encoding="UTF-8"?>
<!-- Generated by org.testng.reporters.JUnitReportReporter -->
<testsuite hostname="AnushaPalem" failures="0" tests="1" name="AQAClass.A8_Boolean_oneway" time="0.129" errors="0" timestamp="2024-05-23T11:17:30 IST" skipped="0">
  <testcase classname="AQAClass.A8_Boolean_oneway" name="options" time="0.129"/>
  <system-out/>
</testsuite> <!-- AQAClass.A8_Boolean_oneway -->
