<?xml version="1.0" encoding="UTF-8"?>
<!-- Generated by org.testng.reporters.JUnitReportReporter -->
<testsuite hostname="AnushaPalem" failures="0" tests="1" name="BHilevelbases.B20_ScrollBar_Element" time="9.066" errors="0" timestamp="2024-05-26T12:32:22 IST" skipped="0">
  <testcase classname="BHilevelbases.B20_ScrollBar_Element" name="Scrollflow" time="9.066"/>
  <system-out/>
</testsuite> <!-- BHilevelbases.B20_ScrollBar_Element -->
