<?xml version="1.0" encoding="UTF-8"?>
<!-- Generated by org.testng.reporters.JUnitReportReporter -->
<testsuite hostname="AnushaPalem" failures="0" tests="1" name="BHilevelbases.B11_Array" time="102.315" errors="0" timestamp="2024-05-26T13:23:40 IST" skipped="0">
  <testcase classname="BHilevelbases.B11_Array" name="f" time="102.315"/>
  <system-out/>
</testsuite> <!-- BHilevelbases.B11_Array -->
