<?xml version="1.0" encoding="UTF-8"?>
<!-- Generated by org.testng.reporters.JUnitReportReporter -->
<testsuite hostname="AnushaPalem" failures="0" tests="1" name="AQAClass.A3_Popupwindow" time="17.202" errors="0" timestamp="2024-05-20T16:39:53 IST" skipped="0">
  <testcase classname="AQAClass.A3_Popupwindow" name="f" time="17.202"/>
  <system-out/>
</testsuite> <!-- AQAClass.A3_Popupwindow -->
