<?xml version="1.0" encoding="UTF-8"?>
<!-- Generated by org.testng.reporters.JUnitReportReporter -->
<testsuite hostname="AnushaPalem" failures="0" tests="1" name="AQAClass.A1_Alerts" time="3.161" errors="0" timestamp="2024-05-26T12:59:35 IST" skipped="0">
  <testcase classname="AQAClass.A1_Alerts" name="handlingalerts" time="3.161"/>
  <system-out/>
</testsuite> <!-- AQAClass.A1_Alerts -->
