<?xml version="1.0" encoding="UTF-8"?>
<!-- Generated by org.testng.reporters.JUnitReportReporter -->
<testsuite hostname="AnushaPalem" failures="0" tests="1" name="AQAClass.A6_Firstselectedoption" time="0.474" errors="0" timestamp="2024-05-21T13:54:22 IST" skipped="0">
  <testcase classname="AQAClass.A6_Firstselectedoption" name="Options" time="0.474"/>
  <system-out/>
</testsuite> <!-- AQAClass.A6_Firstselectedoption -->
