<?xml version="1.0" encoding="UTF-8"?>
<!-- Generated by org.testng.reporters.JUnitReportReporter -->
<testsuite hostname="AnushaPalem" failures="0" tests="1" name="BHilevelbases.B18_DataDriven" time="17.272" errors="0" timestamp="2024-06-05T14:26:46 IST" skipped="0">
  <testcase classname="BHilevelbases.B18_DataDriven" name="data" time="17.272"/>
  <system-out/>
</testsuite> <!-- BHilevelbases.B18_DataDriven -->
