<?xml version="1.0" encoding="UTF-8"?>
<!-- Generated by org.testng.reporters.JUnitReportReporter -->
<testsuite hostname="AnushaPalem" failures="0" tests="1" name="BHilevelbases.B17_Ajaxcontrol" time="6.312" errors="0" timestamp="2024-05-26T08:19:48 IST" skipped="0">
  <testcase classname="BHilevelbases.B17_Ajaxcontrol" name="f" time="6.312"/>
  <system-out/>
</testsuite> <!-- BHilevelbases.B17_Ajaxcontrol -->
