<?xml version="1.0" encoding="UTF-8"?>
<!-- Generated by org.testng.reporters.JUnitReportReporter -->
<testsuite hostname="AnushaPalem" failures="0" tests="1" name="AQAClass.A5_ScreenShot" time="3.766" errors="0" timestamp="2024-05-21T17:44:47 IST" skipped="0">
  <testcase classname="AQAClass.A5_ScreenShot" name="ScreenShot" time="3.766"/>
  <system-out/>
</testsuite> <!-- AQAClass.A5_ScreenShot -->
