<?xml version="1.0" encoding="UTF-8"?>
<!-- Generated by org.testng.reporters.JUnitReportReporter -->
<testsuite hostname="AnushaPalem" failures="0" tests="1" name="BHilevelbases.B21_HandlingWebTablecontent" time="9.905" errors="0" timestamp="2024-06-21T08:50:15 IST" skipped="0">
  <testcase classname="BHilevelbases.B21_HandlingWebTablecontent" name="f" time="9.905"/>
  <system-out/>
</testsuite> <!-- BHilevelbases.B21_HandlingWebTablecontent -->
